<?xml version="1.0" encoding="UTF-8"?>
<coverage generated="1737078770056" clover="3.2.0">
  <project timestamp="1737078770056" name="All files">
    <metrics statements="17" coveredstatements="12" conditionals="18" coveredconditionals="10" methods="5" coveredmethods="4" elements="40" coveredelements="26" complexity="0" loc="17" ncloc="17" packages="1" files="3" classes="3"/>
    <file name="add.js" path="D:\RDP\SOFTWARE TESTING\WEEK 1\jest_test\src\functions\add.js">
      <metrics statements="2" coveredstatements="2" conditionals="0" coveredconditionals="0" methods="1" coveredmethods="1"/>
      <line num="2" count="3" type="stmt"/>
      <line num="5" count="1" type="stmt"/>
    </file>
    <file name="getUser.js" path="D:\RDP\SOFTWARE TESTING\WEEK 1\jest_test\src\functions\getUser.js">
      <metrics statements="2" coveredstatements="2" conditionals="0" coveredconditionals="0" methods="1" coveredmethods="1"/>
      <line num="3" count="1" type="stmt"/>
      <line num="6" count="1" type="stmt"/>
    </file>
    <file name="userUtils.js" path="D:\RDP\SOFTWARE TESTING\WEEK 1\jest_test\src\functions\userUtils.js">
      <metrics statements="13" coveredstatements="8" conditionals="18" coveredconditionals="10" methods="3" coveredmethods="2"/>
      <line num="3" count="2" type="cond" truecount="5" falsecount="0"/>
      <line num="4" count="1" type="stmt"/>
      <line num="7" count="1" type="stmt"/>
      <line num="11" count="1" type="cond" truecount="3" falsecount="1"/>
      <line num="12" count="0" type="stmt"/>
      <line num="15" count="1" type="stmt"/>
      <line num="18" count="1" type="cond" truecount="2" falsecount="2"/>
      <line num="19" count="0" type="stmt"/>
      <line num="21" count="1" type="stmt"/>
      <line num="28" count="0" type="cond" truecount="0" falsecount="5"/>
      <line num="29" count="0" type="stmt"/>
      <line num="32" count="0" type="stmt"/>
      <line num="35" count="1" type="stmt"/>
    </file>
  </project>
</coverage>
