{"D:\\RDP\\SOFTWARE TESTING\\WEEK 1\\jest_test\\src\\functions\\add.js": {"path":"D:\\RDP\\SOFTWARE TESTING\\WEEK 1\\jest_test\\src\\functions\\add.js","statementMap":{"0":{"start":{"line":2,"column":4},"end":{"line":2,"column":16}},"1":{"start":{"line":5,"column":0},"end":{"line":5,"column":21}}},"fnMap":{"0":{"name":"add","decl":{"start":{"line":1,"column":9},"end":{"line":1,"column":12}},"loc":{"start":{"line":1,"column":18},"end":{"line":3,"column":1}},"line":1}},"branchMap":{},"s":{"0":3,"1":1},"f":{"0":3},"b":{},"_coverageSchema":"1a1c01bbd47fc00a2c39e90264f33305004495a9","hash":"2e20c2aeb57f51e0cd06051710ba2539e467a95d"}
,"D:\\RDP\\SOFTWARE TESTING\\WEEK 1\\jest_test\\src\\functions\\getUser.js": {"path":"D:\\RDP\\SOFTWARE TESTING\\WEEK 1\\jest_test\\src\\functions\\getUser.js","statementMap":{"0":{"start":{"line":3,"column":4},"end":{"line":3,"column":34}},"1":{"start":{"line":6,"column":0},"end":{"line":6,"column":38}}},"fnMap":{"0":{"name":"getUserFromDatabase","decl":{"start":{"line":1,"column":9},"end":{"line":1,"column":28}},"loc":{"start":{"line":1,"column":33},"end":{"line":4,"column":1}},"line":1}},"branchMap":{},"s":{"0":1,"1":1},"f":{"0":1},"b":{},"_coverageSchema":"1a1c01bbd47fc00a2c39e90264f33305004495a9","hash":"563254247cad908debc4510737e6125b734e6630"}
,"D:\\RDP\\SOFTWARE TESTING\\WEEK 1\\jest_test\\src\\functions\\userUtils.js": {"path":"D:\\RDP\\SOFTWARE TESTING\\WEEK 1\\jest_test\\src\\functions\\userUtils.js","statementMap":{"0":{"start":{"line":3,"column":4},"end":{"line":5,"column":5}},"1":{"start":{"line":4,"column":8},"end":{"line":4,"column":44}},"2":{"start":{"line":7,"column":4},"end":{"line":7,"column":48}},"3":{"start":{"line":11,"column":4},"end":{"line":13,"column":5}},"4":{"start":{"line":12,"column":8},"end":{"line":12,"column":45}},"5":{"start":{"line":15,"column":16},"end":{"line":15,"column":39}},"6":{"start":{"line":18,"column":4},"end":{"line":22,"column":5}},"7":{"start":{"line":19,"column":8},"end":{"line":19,"column":46}},"8":{"start":{"line":21,"column":8},"end":{"line":21,"column":18}},"9":{"start":{"line":28,"column":4},"end":{"line":30,"column":5}},"10":{"start":{"line":29,"column":8},"end":{"line":29,"column":44}},"11":{"start":{"line":32,"column":4},"end":{"line":32,"column":67}},"12":{"start":{"line":35,"column":0},"end":{"line":39,"column":1}}},"fnMap":{"0":{"name":"getUserFullName","decl":{"start":{"line":2,"column":9},"end":{"line":2,"column":24}},"loc":{"start":{"line":2,"column":30},"end":{"line":8,"column":1}},"line":2},"1":{"name":"calculateAge","decl":{"start":{"line":10,"column":9},"end":{"line":10,"column":21}},"loc":{"start":{"line":10,"column":46},"end":{"line":24,"column":1}},"line":10},"2":{"name":"getUserInitials","decl":{"start":{"line":27,"column":9},"end":{"line":27,"column":24}},"loc":{"start":{"line":27,"column":30},"end":{"line":33,"column":1}},"line":27}},"branchMap":{"0":{"loc":{"start":{"line":3,"column":4},"end":{"line":5,"column":5}},"type":"if","locations":[{"start":{"line":3,"column":4},"end":{"line":5,"column":5}},{"start":{},"end":{}}],"line":3},"1":{"loc":{"start":{"line":3,"column":7},"end":{"line":3,"column":49}},"type":"binary-expr","locations":[{"start":{"line":3,"column":7},"end":{"line":3,"column":12}},{"start":{"line":3,"column":16},"end":{"line":3,"column":31}},{"start":{"line":3,"column":35},"end":{"line":3,"column":49}}],"line":3},"2":{"loc":{"start":{"line":11,"column":4},"end":{"line":13,"column":5}},"type":"if","locations":[{"start":{"line":11,"column":4},"end":{"line":13,"column":5}},{"start":{},"end":{}}],"line":11},"3":{"loc":{"start":{"line":11,"column":7},"end":{"line":11,"column":45}},"type":"binary-expr","locations":[{"start":{"line":11,"column":7},"end":{"line":11,"column":23}},{"start":{"line":11,"column":27},"end":{"line":11,"column":45}}],"line":11},"4":{"loc":{"start":{"line":18,"column":4},"end":{"line":22,"column":5}},"type":"if","locations":[{"start":{"line":18,"column":4},"end":{"line":22,"column":5}},{"start":{"line":20,"column":11},"end":{"line":22,"column":5}}],"line":18},"5":{"loc":{"start":{"line":18,"column":8},"end":{"line":18,"column":28}},"type":"binary-expr","locations":[{"start":{"line":18,"column":8},"end":{"line":18,"column":15}},{"start":{"line":18,"column":19},"end":{"line":18,"column":28}}],"line":18},"6":{"loc":{"start":{"line":28,"column":4},"end":{"line":30,"column":5}},"type":"if","locations":[{"start":{"line":28,"column":4},"end":{"line":30,"column":5}},{"start":{},"end":{}}],"line":28},"7":{"loc":{"start":{"line":28,"column":7},"end":{"line":28,"column":49}},"type":"binary-expr","locations":[{"start":{"line":28,"column":7},"end":{"line":28,"column":12}},{"start":{"line":28,"column":16},"end":{"line":28,"column":31}},{"start":{"line":28,"column":35},"end":{"line":28,"column":49}}],"line":28}},"s":{"0":2,"1":1,"2":1,"3":1,"4":0,"5":1,"6":1,"7":0,"8":1,"9":0,"10":0,"11":0,"12":1},"f":{"0":2,"1":1,"2":0},"b":{"0":[1,1],"1":[2,2,2],"2":[0,1],"3":[1,1],"4":[0,1],"5":[1,0],"6":[0,0],"7":[0,0,0]},"_coverageSchema":"1a1c01bbd47fc00a2c39e90264f33305004495a9","hash":"2b26fcc141d897ae75169ee8b0d5a517eb5f1918"}
}
