TN:
SF:src\functions\add.js
FN:1,add
FNF:1
FNH:1
FNDA:3,add
DA:2,3
DA:5,1
LF:2
LH:2
BRF:0
BRH:0
end_of_record
TN:
SF:src\functions\getUser.js
FN:1,getUserFromDatabase
FNF:1
FNH:1
FNDA:1,getUserFromDatabase
DA:3,1
DA:6,1
LF:2
LH:2
BRF:0
BRH:0
end_of_record
TN:
SF:src\functions\userUtils.js
FN:2,getUserFullName
FN:10,calculateAge
FN:27,getUserInitials
FNF:3
FNH:2
FNDA:2,getUserFullName
FNDA:1,calculateAge
FNDA:0,getUserInitials
DA:3,2
DA:4,1
DA:7,1
DA:11,1
DA:12,0
DA:15,1
DA:18,1
DA:19,0
DA:21,1
DA:28,0
DA:29,0
DA:32,0
DA:35,1
LF:13
LH:8
BRDA:3,0,0,1
BRDA:3,0,1,1
BRDA:3,1,0,2
BRDA:3,1,1,2
BRDA:3,1,2,2
BRDA:11,2,0,0
BRDA:11,2,1,1
BRDA:11,3,0,1
BRDA:11,3,1,1
BRDA:18,4,0,0
BRDA:18,4,1,1
BRDA:18,5,0,1
BRDA:18,5,1,0
BRDA:28,6,0,0
BRDA:28,6,1,0
BRDA:28,7,0,0
BRDA:28,7,1,0
BRDA:28,7,2,0
BRF:18
BRH:10
end_of_record
